#
# There is insufficient memory for the Java Runtime Environment to continue.
# Native memory allocation (malloc) failed to allocate 1048576 bytes. Error detail: AllocateHeap
# Possible reasons:
#   The system is out of physical RAM or swap space
#   This process is running with CompressedOops enabled, and the Java Heap may be blocking the growth of the native heap
# Possible solutions:
#   Reduce memory load on the system
#   Increase physical memory or swap space
#   Check if swap backing store is full
#   Decrease Java heap size (-Xmx/-Xms)
#   Decrease number of Java threads
#   Decrease Java thread stack sizes (-Xss)
#   Set larger code cache with -XX:ReservedCodeCacheSize=
#   JVM is running with Zero Based Compressed Oops mode in which the Java heap is
#     placed in the first 32GB address space. The Java Heap base address is the
#     maximum limit for the native heap growth. Please use -XX:HeapBaseMinAddress
#     to set the Java Heap base and to place the Java Heap above 32GB virtual address.
# This output file may be truncated or incomplete.
#
#  Out of Memory Error (allocation.cpp:44), pid=17112, tid=16428
#
# JRE version: OpenJDK Runtime Environment Temurin-21.0.10+7 (21.0.10+7) (build 21.0.10+7-LTS)
# Java VM: OpenJDK 64-Bit Server VM Temurin-21.0.10+7 (21.0.10+7-LTS, mixed mode, emulated-client, sharing, tiered, compressed oops, compressed class ptrs, g1 gc, windows-amd64)
# No core dump will be written. Minidumps are not enabled by default on client versions of Windows
#

---------------  S U M M A R Y ------------

Command Line: -XX:TieredStopAtLevel=1 -Dspring.output.ansi.enabled=always -Dcom.sun.management.jmxremote -Dspring.jmx.enabled=true -Dspring.liveBeansView.mbeanDomain -Dspring.application.admin.enabled=true -Dmanagement.endpoints.jmx.exposure.include=* -javaagent:C:\Program Files\JetBrains\IntelliJ IDEA 2025.3.3\lib\idea_rt.jar=56805 -Dfile.encoding=UTF-8 -Dsun.stdout.encoding=UTF-8 -Dsun.stderr.encoding=UTF-8 com.saikrishna.backenddemo.BackenddemoApplication

Host: 12th Gen Intel(R) Core(TM) i5-12450HX, 12 cores, 15G,  Windows 11 , 64 bit Build 26100 (10.0.26100.7920)
Time: Mon Mar  9 10:46:21 2026 India Standard Time elapsed time: 2.404224 seconds (0d 0h 0m 2s)

---------------  T H R E A D  ---------------

Current thread (0x000002272fab7e30):  JavaThread "Attach Listener" daemon [_thread_in_vm, id=16428, stack(0x000000a4ca200000,0x000000a4ca300000) (1024K)]

Stack: [0x000000a4ca200000,0x000000a4ca300000]
Native frames: (J=compiled Java code, j=interpreted, Vv=VM code, C=native code)
V  [jvm.dll+0x6d7a39]
V  [jvm.dll+0x8b4b26]
V  [jvm.dll+0x8b70de]
V  [jvm.dll+0x8b77c3]
V  [jvm.dll+0x284346]
V  [jvm.dll+0xc1277]
V  [jvm.dll+0x6d82e9]
V  [jvm.dll+0x1334a6]
V  [jvm.dll+0x3f857e]
V  [jvm.dll+0x85f59d]
V  [jvm.dll+0x6d626d]
C  [ucrtbase.dll+0x37b0]
C  [KERNEL32.DLL+0x2e8d7]
C  [ntdll.dll+0x8c48c]


---------------  P R O C E S S  ---------------

Threads class SMR info:
_java_thread_list=0x0000022730402ee0, length=14, elements={
0x000002271a659220, 0x000002272fab3360, 0x000002272fab3dc0, 0x000002272fab6c30,
0x000002272fab7e30, 0x000002272fab8ea0, 0x000002272faba1d0, 0x000002272fabe020,
0x000002272fa84f20, 0x000002273009c780, 0x000002273018c9b0, 0x00000227303fd570,
0x00000227303fdbe0, 0x000002273042e9b0
}

Java Threads: ( => current thread )
  0x000002271a659220 JavaThread "main"                              [_thread_blocked, id=16360, stack(0x000000a4c9700000,0x000000a4c9800000) (1024K)]
  0x000002272fab3360 JavaThread "Reference Handler"          daemon [_thread_blocked, id=14184, stack(0x000000a4c9f00000,0x000000a4ca000000) (1024K)]
  0x000002272fab3dc0 JavaThread "Finalizer"                  daemon [_thread_blocked, id=22284, stack(0x000000a4ca000000,0x000000a4ca100000) (1024K)]
  0x000002272fab6c30 JavaThread "Signal Dispatcher"          daemon [_thread_blocked, id=8840, stack(0x000000a4ca100000,0x000000a4ca200000) (1024K)]
=>0x000002272fab7e30 JavaThread "Attach Listener"            daemon [_thread_in_vm, id=16428, stack(0x000000a4ca200000,0x000000a4ca300000) (1024K)]
  0x000002272fab8ea0 JavaThread "Service Thread"             daemon [_thread_blocked, id=14484, stack(0x000000a4ca300000,0x000000a4ca400000) (1024K)]
  0x000002272faba1d0 JavaThread "Monitor Deflation Thread"   daemon [_thread_blocked, id=18792, stack(0x000000a4ca400000,0x000000a4ca500000) (1024K)]
  0x000002272fabe020 JavaThread "C1 CompilerThread0"         daemon [_thread_blocked, id=3288, stack(0x000000a4ca500000,0x000000a4ca600000) (1024K)]
  0x000002272fa84f20 JavaThread "C1 CompilerThread1"         daemon [_thread_blocked, id=11140, stack(0x000000a4ca600000,0x000000a4ca700000) (1024K)]
  0x000002273009c780 JavaThread "C1 CompilerThread2"         daemon [_thread_blocked, id=23000, stack(0x000000a4ca700000,0x000000a4ca800000) (1024K)]
  0x000002273018c9b0 JavaThread "Common-Cleaner"             daemon [_thread_blocked, id=6928, stack(0x000000a4ca900000,0x000000a4caa00000) (1024K)]
  0x00000227303fd570 JavaThread "Monitor Ctrl-Break"         daemon [_thread_in_native, id=8592, stack(0x000000a4caa00000,0x000000a4cab00000) (1024K)]
  0x00000227303fdbe0 JavaThread "Notification Thread"        daemon [_thread_blocked, id=21752, stack(0x000000a4cab00000,0x000000a4cac00000) (1024K)]
  0x000002273042e9b0 JavaThread "C1 CompilerThread3"         daemon [_thread_blocked, id=13788, stack(0x000000a4ca800000,0x000000a4ca900000) (1024K)]
Total: 14

Other Threads:
  0x000002272fa92d70 VMThread "VM Thread"                           [id=2820, stack(0x000000a4c9e00000,0x000000a4c9f00000) (1024K)] _threads_hazard_ptr=0x0000022730402ee0
  0x000002272fa84230 WatcherThread "VM Periodic Task Thread"        [id=13740, stack(0x000000a4c9d00000,0x000000a4c9e00000) (1024K)]
  0x000002271cae86b0 WorkerThread "GC Thread#0"                     [id=16736, stack(0x000000a4c9800000,0x000000a4c9900000) (1024K)]
  0x000002271caf9ff0 ConcurrentGCThread "G1 Main Marker"            [id=14040, stack(0x000000a4c9900000,0x000000a4c9a00000) (1024K)]
  0x000002271cafaa10 WorkerThread "G1 Conc#0"                       [id=25512, stack(0x000000a4c9a00000,0x000000a4c9b00000) (1024K)]
  0x000002272f94d020 ConcurrentGCThread "G1 Refine#0"               [id=17804, stack(0x000000a4c9b00000,0x000000a4c9c00000) (1024K)]
  0x000002272f94d850 ConcurrentGCThread "G1 Service"                [id=22008, stack(0x000000a4c9c00000,0x000000a4c9d00000) (1024K)]
Total: 7

Threads with active compile tasks:
C1 CompilerThread0  2409  515       1       sun.invoke.util.VerifyAccess::isClassAccessible (230 bytes)
C1 CompilerThread1  2409  519       1       java.lang.invoke.MethodType::insertParameterTypes (121 bytes)
C1 CompilerThread3  2409  524       1       java.lang.invoke.LambdaForm$NamedFunction::methodType (28 bytes)
Total: 3

VM state: synchronizing (normal execution)

VM Mutex/Monitor currently owned by a thread:  ([mutex/lock_event])
[0x00007ffb22a3e560] Threads_lock - owner thread: 0x000002272fa92d70

Heap address: 0x0000000704400000, size: 4028 MB, Compressed Oops mode: Zero based, Oop shift amount: 3

CDS archive(s) mapped at: [0x0000022731000000-0x0000022731c80000-0x0000022731c80000), size 13107200, SharedBaseAddress: 0x0000022731000000, ArchiveRelocationMode: 1.
Compressed class space mapped at: 0x0000022732000000-0x0000022772000000, reserved size: 1073741824
Narrow klass base: 0x0000022731000000, Narrow klass shift: 0, Narrow klass range: 0x100000000

GC Precious Log:
 CardTable entry size: 512
 Card Set container configuration: InlinePtr #cards 4 size 8 Array Of Cards #cards 16 size 48 Howl #buckets 8 coarsen threshold 3686 Howl Bitmap #cards 512 size 80 coarsen threshold 460 Card regions per heap region 1 cards per card region 4096
 CPUs: 12 total, 12 available
 Memory: 16107M
 Large Page Support: Disabled
 NUMA Support: Disabled
 Compressed Oops: Enabled (Zero based)
 Heap Region Size: 2M
 Heap Min Capacity: 8M
 Heap Initial Capacity: 252M
 Heap Max Capacity: 4028M
 Pre-touch: Disabled
 Parallel Workers: 10
 Concurrent Workers: 3
 Concurrent Refinement Workers: 10
 Periodic GC: Disabled

Heap:
 garbage-first heap   total 258048K, used 6144K [0x0000000704400000, 0x0000000800000000)
  region size 2048K, 5 young (10240K), 0 survivors (0K)
 Metaspace       used 2223K, committed 2368K, reserved 1114112K
  class space    used 236K, committed 320K, reserved 1048576K

Heap Regions: E=young(eden), S=young(survivor), O=old, HS=humongous(starts), HC=humongous(continues), CS=collection set, F=free, TAMS=top-at-mark-start, PB=parsable bottom
|   0|0x0000000704400000, 0x0000000704400000, 0x0000000704600000|  0%| F|  |TAMS 0x0000000704400000| PB 0x0000000704400000| Untracked 
|   1|0x0000000704600000, 0x0000000704600000, 0x0000000704800000|  0%| F|  |TAMS 0x0000000704600000| PB 0x0000000704600000| Untracked 
|   2|0x0000000704800000, 0x0000000704800000, 0x0000000704a00000|  0%| F|  |TAMS 0x0000000704800000| PB 0x0000000704800000| Untracked 
|   3|0x0000000704a00000, 0x0000000704a00000, 0x0000000704c00000|  0%| F|  |TAMS 0x0000000704a00000| PB 0x0000000704a00000| Untracked 
|   4|0x0000000704c00000, 0x0000000704c00000, 0x0000000704e00000|  0%| F|  |TAMS 0x0000000704c00000| PB 0x0000000704c00000| Untracked 
|   5|0x0000000704e00000, 0x0000000704e00000, 0x0000000705000000|  0%| F|  |TAMS 0x0000000704e00000| PB 0x0000000704e00000| Untracked 
|   6|0x0000000705000000, 0x0000000705000000, 0x0000000705200000|  0%| F|  |TAMS 0x0000000705000000| PB 0x0000000705000000| Untracked 
|   7|0x0000000705200000, 0x0000000705200000, 0x0000000705400000|  0%| F|  |TAMS 0x0000000705200000| PB 0x0000000705200000| Untracked 
|   8|0x0000000705400000, 0x0000000705400000, 0x0000000705600000|  0%| F|  |TAMS 0x0000000705400000| PB 0x0000000705400000| Untracked 
|   9|0x0000000705600000, 0x0000000705600000, 0x0000000705800000|  0%| F|  |TAMS 0x0000000705600000| PB 0x0000000705600000| Untracked 
|  10|0x0000000705800000, 0x0000000705800000, 0x0000000705a00000|  0%| F|  |TAMS 0x0000000705800000| PB 0x0000000705800000| Untracked 
|  11|0x0000000705a00000, 0x0000000705a00000, 0x0000000705c00000|  0%| F|  |TAMS 0x0000000705a00000| PB 0x0000000705a00000| Untracked 
|  12|0x0000000705c00000, 0x0000000705c00000, 0x0000000705e00000|  0%| F|  |TAMS 0x0000000705c00000| PB 0x0000000705c00000| Untracked 
|  13|0x0000000705e00000, 0x0000000705e00000, 0x0000000706000000|  0%| F|  |TAMS 0x0000000705e00000| PB 0x0000000705e00000| Untracked 
|  14|0x0000000706000000, 0x0000000706000000, 0x0000000706200000|  0%| F|  |TAMS 0x0000000706000000| PB 0x0000000706000000| Untracked 
|  15|0x0000000706200000, 0x0000000706200000, 0x0000000706400000|  0%| F|  |TAMS 0x0000000706200000| PB 0x0000000706200000| Untracked 
|  16|0x0000000706400000, 0x0000000706400000, 0x0000000706600000|  0%| F|  |TAMS 0x0000000706400000| PB 0x0000000706400000| Untracked 
|  17|0x0000000706600000, 0x0000000706600000, 0x0000000706800000|  0%| F|  |TAMS 0x0000000706600000| PB 0x0000000706600000| Untracked 
|  18|0x0000000706800000, 0x0000000706800000, 0x0000000706a00000|  0%| F|  |TAMS 0x0000000706800000| PB 0x0000000706800000| Untracked 
|  19|0x0000000706a00000, 0x0000000706a00000, 0x0000000706c00000|  0%| F|  |TAMS 0x0000000706a00000| PB 0x0000000706a00000| Untracked 
|  20|0x0000000706c00000, 0x0000000706c00000, 0x0000000706e00000|  0%| F|  |TAMS 0x0000000706c00000| PB 0x0000000706c00000| Untracked 
|  21|0x0000000706e00000, 0x0000000706e00000, 0x0000000707000000|  0%| F|  |TAMS 0x0000000706e00000| PB 0x0000000706e00000| Untracked 
|  22|0x0000000707000000, 0x0000000707000000, 0x0000000707200000|  0%| F|  |TAMS 0x0000000707000000| PB 0x0000000707000000| Untracked 
|  23|0x0000000707200000, 0x0000000707200000, 0x0000000707400000|  0%| F|  |TAMS 0x0000000707200000| PB 0x0000000707200000| Untracked 
|  24|0x0000000707400000, 0x0000000707400000, 0x0000000707600000|  0%| F|  |TAMS 0x0000000707400000| PB 0x0000000707400000| Untracked 
|  25|0x0000000707600000, 0x0000000707600000, 0x0000000707800000|  0%| F|  |TAMS 0x0000000707600000| PB 0x0000000707600000| Untracked 
|  26|0x0000000707800000, 0x0000000707800000, 0x0000000707a00000|  0%| F|  |TAMS 0x0000000707800000| PB 0x0000000707800000| Untracked 
|  27|0x0000000707a00000, 0x0000000707a00000, 0x0000000707c00000|  0%| F|  |TAMS 0x0000000707a00000| PB 0x0000000707a00000| Untracked 
|  28|0x0000000707c00000, 0x0000000707c00000, 0x0000000707e00000|  0%| F|  |TAMS 0x0000000707c00000| PB 0x0000000707c00000| Untracked 
|  29|0x0000000707e00000, 0x0000000707e00000, 0x0000000708000000|  0%| F|  |TAMS 0x0000000707e00000| PB 0x0000000707e00000| Untracked 
|  30|0x0000000708000000, 0x0000000708000000, 0x0000000708200000|  0%| F|  |TAMS 0x0000000708000000| PB 0x0000000708000000| Untracked 
|  31|0x0000000708200000, 0x0000000708200000, 0x0000000708400000|  0%| F|  |TAMS 0x0000000708200000| PB 0x0000000708200000| Untracked 
|  32|0x0000000708400000, 0x0000000708400000, 0x0000000708600000|  0%| F|  |TAMS 0x0000000708400000| PB 0x0000000708400000| Untracked 
|  33|0x0000000708600000, 0x0000000708600000, 0x0000000708800000|  0%| F|  |TAMS 0x0000000708600000| PB 0x0000000708600000| Untracked 
|  34|0x0000000708800000, 0x0000000708800000, 0x0000000708a00000|  0%| F|  |TAMS 0x0000000708800000| PB 0x0000000708800000| Untracked 
|  35|0x0000000708a00000, 0x0000000708a00000, 0x0000000708c00000|  0%| F|  |TAMS 0x0000000708a00000| PB 0x0000000708a00000| Untracked 
|  36|0x0000000708c00000, 0x0000000708c00000, 0x0000000708e00000|  0%| F|  |TAMS 0x0000000708c00000| PB 0x0000000708c00000| Untracked 
|  37|0x0000000708e00000, 0x0000000708e00000, 0x0000000709000000|  0%| F|  |TAMS 0x0000000708e00000| PB 0x0000000708e00000| Untracked 
|  38|0x0000000709000000, 0x0000000709000000, 0x0000000709200000|  0%| F|  |TAMS 0x0000000709000000| PB 0x0000000709000000| Untracked 
|  39|0x0000000709200000, 0x0000000709200000, 0x0000000709400000|  0%| F|  |TAMS 0x0000000709200000| PB 0x0000000709200000| Untracked 
|  40|0x0000000709400000, 0x0000000709400000, 0x0000000709600000|  0%| F|  |TAMS 0x0000000709400000| PB 0x0000000709400000| Untracked 
|  41|0x0000000709600000, 0x0000000709600000, 0x0000000709800000|  0%| F|  |TAMS 0x0000000709600000| PB 0x0000000709600000| Untracked 
|  42|0x0000000709800000, 0x0000000709800000, 0x0000000709a00000|  0%| F|  |TAMS 0x0000000709800000| PB 0x0000000709800000| Untracked 
|  43|0x0000000709a00000, 0x0000000709a00000, 0x0000000709c00000|  0%| F|  |TAMS 0x0000000709a00000| PB 0x0000000709a00000| Untracked 
|  44|0x0000000709c00000, 0x0000000709c00000, 0x0000000709e00000|  0%| F|  |TAMS 0x0000000709c00000| PB 0x0000000709c00000| Untracked 
|  45|0x0000000709e00000, 0x0000000709e00000, 0x000000070a000000|  0%| F|  |TAMS 0x0000000709e00000| PB 0x0000000709e00000| Untracked 
|  46|0x000000070a000000, 0x000000070a000000, 0x000000070a200000|  0%| F|  |TAMS 0x000000070a000000| PB 0x000000070a000000| Untracked 
|  47|0x000000070a200000, 0x000000070a200000, 0x000000070a400000|  0%| F|  |TAMS 0x000000070a200000| PB 0x000000070a200000| Untracked 
|  48|0x000000070a400000, 0x000000070a400000, 0x000000070a600000|  0%| F|  |TAMS 0x000000070a400000| PB 0x000000070a400000| Untracked 
|  49|0x000000070a600000, 0x000000070a600000, 0x000000070a800000|  0%| F|  |TAMS 0x000000070a600000| PB 0x000000070a600000| Untracked 
|  50|0x000000070a800000, 0x000000070a800000, 0x000000070aa00000|  0%| F|  |TAMS 0x000000070a800000| PB 0x000000070a800000| Untracked 
|  51|0x000000070aa00000, 0x000000070aa00000, 0x000000070ac00000|  0%| F|  |TAMS 0x000000070aa00000| PB 0x000000070aa00000| Untracked 
|  52|0x000000070ac00000, 0x000000070ac00000, 0x000000070ae00000|  0%| F|  |TAMS 0x000000070ac00000| PB 0x000000070ac00000| Untracked 
|  53|0x000000070ae00000, 0x000000070ae00000, 0x000000070b000000|  0%| F|  |TAMS 0x000000070ae00000| PB 0x000000070ae00000| Untracked 
|  54|0x000000070b000000, 0x000000070b000000, 0x000000070b200000|  0%| F|  |TAMS 0x000000070b000000| PB 0x000000070b000000| Untracked 
|  55|0x000000070b200000, 0x000000070b200000, 0x000000070b400000|  0%| F|  |TAMS 0x000000070b200000| PB 0x000000070b200000| Untracked 
|  56|0x000000070b400000, 0x000000070b400000, 0x000000070b600000|  0%| F|  |TAMS 0x000000070b400000| PB 0x000000070b400000| Untracked 
|  57|0x000000070b600000, 0x000000070b600000, 0x000000070b800000|  0%| F|  |TAMS 0x000000070b600000| PB 0x000000070b600000| Untracked 
|  58|0x000000070b800000, 0x000000070b800000, 0x000000070ba00000|  0%| F|  |TAMS 0x000000070b800000| PB 0x000000070b800000| Untracked 
|  59|0x000000070ba00000, 0x000000070ba00000, 0x000000070bc00000|  0%| F|  |TAMS 0x000000070ba00000| PB 0x000000070ba00000| Untracked 
|  60|0x000000070bc00000, 0x000000070bc00000, 0x000000070be00000|  0%| F|  |TAMS 0x000000070bc00000| PB 0x000000070bc00000| Untracked 
|  61|0x000000070be00000, 0x000000070be00000, 0x000000070c000000|  0%| F|  |TAMS 0x000000070be00000| PB 0x000000070be00000| Untracked 
|  62|0x000000070c000000, 0x000000070c000000, 0x000000070c200000|  0%| F|  |TAMS 0x000000070c000000| PB 0x000000070c000000| Untracked 
|  63|0x000000070c200000, 0x000000070c200000, 0x000000070c400000|  0%| F|  |TAMS 0x000000070c200000| PB 0x000000070c200000| Untracked 
|  64|0x000000070c400000, 0x000000070c400000, 0x000000070c600000|  0%| F|  |TAMS 0x000000070c400000| PB 0x000000070c400000| Untracked 
|  65|0x000000070c600000, 0x000000070c600000, 0x000000070c800000|  0%| F|  |TAMS 0x000000070c600000| PB 0x000000070c600000| Untracked 
|  66|0x000000070c800000, 0x000000070c800000, 0x000000070ca00000|  0%| F|  |TAMS 0x000000070c800000| PB 0x000000070c800000| Untracked 
|  67|0x000000070ca00000, 0x000000070ca00000, 0x000000070cc00000|  0%| F|  |TAMS 0x000000070ca00000| PB 0x000000070ca00000| Untracked 
|  68|0x000000070cc00000, 0x000000070cc00000, 0x000000070ce00000|  0%| F|  |TAMS 0x000000070cc00000| PB 0x000000070cc00000| Untracked 
|  69|0x000000070ce00000, 0x000000070ce00000, 0x000000070d000000|  0%| F|  |TAMS 0x000000070ce00000| PB 0x000000070ce00000| Untracked 
|  70|0x000000070d000000, 0x000000070d000000, 0x000000070d200000|  0%| F|  |TAMS 0x000000070d000000| PB 0x000000070d000000| Untracked 
|  71|0x000000070d200000, 0x000000070d200000, 0x000000070d400000|  0%| F|  |TAMS 0x000000070d200000| PB 0x000000070d200000| Untracked 
|  72|0x000000070d400000, 0x000000070d400000, 0x000000070d600000|  0%| F|  |TAMS 0x000000070d400000| PB 0x000000070d400000| Untracked 
|  73|0x000000070d600000, 0x000000070d600000, 0x000000070d800000|  0%| F|  |TAMS 0x000000070d600000| PB 0x000000070d600000| Untracked 
|  74|0x000000070d800000, 0x000000070d800000, 0x000000070da00000|  0%| F|  |TAMS 0x000000070d800000| PB 0x000000070d800000| Untracked 
|  75|0x000000070da00000, 0x000000070da00000, 0x000000070dc00000|  0%| F|  |TAMS 0x000000070da00000| PB 0x000000070da00000| Untracked 
|  76|0x000000070dc00000, 0x000000070dc00000, 0x000000070de00000|  0%| F|  |TAMS 0x000000070dc00000| PB 0x000000070dc00000| Untracked 
|  77|0x000000070de00000, 0x000000070de00000, 0x000000070e000000|  0%| F|  |TAMS 0x000000070de00000| PB 0x000000070de00000| Untracked 
|  78|0x000000070e000000, 0x000000070e000000, 0x000000070e200000|  0%| F|  |TAMS 0x000000070e000000| PB 0x000000070e000000| Untracked 
|  79|0x000000070e200000, 0x000000070e200000, 0x000000070e400000|  0%| F|  |TAMS 0x000000070e200000| PB 0x000000070e200000| Untracked 
|  80|0x000000070e400000, 0x000000070e400000, 0x000000070e600000|  0%| F|  |TAMS 0x000000070e400000| PB 0x000000070e400000| Untracked 
|  81|0x000000070e600000, 0x000000070e600000, 0x000000070e800000|  0%| F|  |TAMS 0x000000070e600000| PB 0x000000070e600000| Untracked 
|  82|0x000000070e800000, 0x000000070e800000, 0x000000070ea00000|  0%| F|  |TAMS 0x000000070e800000| PB 0x000000070e800000| Untracked 
|  83|0x000000070ea00000, 0x000000070ea00000, 0x000000070ec00000|  0%| F|  |TAMS 0x000000070ea00000| PB 0x000000070ea00000| Untracked 
|  84|0x000000070ec00000, 0x000000070ec00000, 0x000000070ee00000|  0%| F|  |TAMS 0x000000070ec00000| PB 0x000000070ec00000| Untracked 
|  85|0x000000070ee00000, 0x000000070ee00000, 0x000000070f000000|  0%| F|  |TAMS 0x000000070ee00000| PB 0x000000070ee00000| Untracked 
|  86|0x000000070f000000, 0x000000070f000000, 0x000000070f200000|  0%| F|  |TAMS 0x000000070f000000| PB 0x000000070f000000| Untracked 
|  87|0x000000070f200000, 0x000000070f200000, 0x000000070f400000|  0%| F|  |TAMS 0x000000070f200000| PB 0x000000070f200000| Untracked 
|  88|0x000000070f400000, 0x000000070f400000, 0x000000070f600000|  0%| F|  |TAMS 0x000000070f400000| PB 0x000000070f400000| Untracked 
|  89|0x000000070f600000, 0x000000070f600000, 0x000000070f800000|  0%| F|  |TAMS 0x000000070f600000| PB 0x000000070f600000| Untracked 
|  90|0x000000070f800000, 0x000000070f800000, 0x000000070fa00000|  0%| F|  |TAMS 0x000000070f800000| PB 0x000000070f800000| Untracked 
|  91|0x000000070fa00000, 0x000000070fa00000, 0x000000070fc00000|  0%| F|  |TAMS 0x000000070fa00000| PB 0x000000070fa00000| Untracked 
|  92|0x000000070fc00000, 0x000000070fc00000, 0x000000070fe00000|  0%| F|  |TAMS 0x000000070fc00000| PB 0x000000070fc00000| Untracked 
|  93|0x000000070fe00000, 0x000000070fe00000, 0x0000000710000000|  0%| F|  |TAMS 0x000000070fe00000| PB 0x000000070fe00000| Untracked 
|  94|0x0000000710000000, 0x0000000710000000, 0x0000000710200000|  0%| F|  |TAMS 0x0000000710000000| PB 0x0000000710000000| Untracked 
|  95|0x0000000710200000, 0x0000000710200000, 0x0000000710400000|  0%| F|  |TAMS 0x0000000710200000| PB 0x0000000710200000| Untracked 
|  96|0x0000000710400000, 0x0000000710400000, 0x0000000710600000|  0%| F|  |TAMS 0x0000000710400000| PB 0x0000000710400000| Untracked 
|  97|0x0000000710600000, 0x0000000710600000, 0x0000000710800000|  0%| F|  |TAMS 0x0000000710600000| PB 0x0000000710600000| Untracked 
|  98|0x0000000710800000, 0x0000000710800000, 0x0000000710a00000|  0%| F|  |TAMS 0x0000000710800000| PB 0x0000000710800000| Untracked 
|  99|0x0000000710a00000, 0x0000000710a00000, 0x0000000710c00000|  0%| F|  |TAMS 0x0000000710a00000| PB 0x0000000710a00000| Untracked 
| 100|0x0000000710c00000, 0x0000000710c00000, 0x0000000710e00000|  0%| F|  |TAMS 0x0000000710c00000| PB 0x0000000710c00000| Untracked 
| 101|0x0000000710e00000, 0x0000000710e00000, 0x0000000711000000|  0%| F|  |TAMS 0x0000000710e00000| PB 0x0000000710e00000| Untracked 
| 102|0x0000000711000000, 0x0000000711000000, 0x0000000711200000|  0%| F|  |TAMS 0x0000000711000000| PB 0x0000000711000000| Untracked 
| 103|0x0000000711200000, 0x0000000711200000, 0x0000000711400000|  0%| F|  |TAMS 0x0000000711200000| PB 0x0000000711200000| Untracked 
| 104|0x0000000711400000, 0x0000000711400000, 0x0000000711600000|  0%| F|  |TAMS 0x0000000711400000| PB 0x0000000711400000| Untracked 
| 105|0x0000000711600000, 0x0000000711600000, 0x0000000711800000|  0%| F|  |TAMS 0x0000000711600000| PB 0x0000000711600000| Untracked 
| 106|0x0000000711800000, 0x0000000711800000, 0x0000000711a00000|  0%| F|  |TAMS 0x0000000711800000| PB 0x0000000711800000| Untracked 
| 107|0x0000000711a00000, 0x0000000711a00000, 0x0000000711c00000|  0%| F|  |TAMS 0x0000000711a00000| PB 0x0000000711a00000| Untracked 
| 108|0x0000000711c00000, 0x0000000711c00000, 0x0000000711e00000|  0%| F|  |TAMS 0x0000000711c00000| PB 0x0000000711c00000| Untracked 
| 109|0x0000000711e00000, 0x0000000711e00000, 0x0000000712000000|  0%| F|  |TAMS 0x0000000711e00000| PB 0x0000000711e00000| Untracked 
| 110|0x0000000712000000, 0x0000000712000000, 0x0000000712200000|  0%| F|  |TAMS 0x0000000712000000| PB 0x0000000712000000| Untracked 
| 111|0x0000000712200000, 0x0000000712200000, 0x0000000712400000|  0%| F|  |TAMS 0x0000000712200000| PB 0x0000000712200000| Untracked 
| 112|0x0000000712400000, 0x0000000712400000, 0x0000000712600000|  0%| F|  |TAMS 0x0000000712400000| PB 0x0000000712400000| Untracked 
| 113|0x0000000712600000, 0x0000000712600000, 0x0000000712800000|  0%| F|  |TAMS 0x0000000712600000| PB 0x0000000712600000| Untracked 
| 114|0x0000000712800000, 0x0000000712800000, 0x0000000712a00000|  0%| F|  |TAMS 0x0000000712800000| PB 0x0000000712800000| Untracked 
| 115|0x0000000712a00000, 0x0000000712a00000, 0x0000000712c00000|  0%| F|  |TAMS 0x0000000712a00000| PB 0x0000000712a00000| Untracked 
| 116|0x0000000712c00000, 0x0000000712c00000, 0x0000000712e00000|  0%| F|  |TAMS 0x0000000712c00000| PB 0x0000000712c00000| Untracked 
| 117|0x0000000712e00000, 0x0000000712e00000, 0x0000000713000000|  0%| F|  |TAMS 0x0000000712e00000| PB 0x0000000712e00000| Untracked 
| 118|0x0000000713000000, 0x0000000713000000, 0x0000000713200000|  0%| F|  |TAMS 0x0000000713000000| PB 0x0000000713000000| Untracked 
| 119|0x0000000713200000, 0x0000000713200000, 0x0000000713400000|  0%| F|  |TAMS 0x0000000713200000| PB 0x0000000713200000| Untracked 
| 120|0x0000000713400000, 0x0000000713400000, 0x0000000713600000|  0%| F|  |TAMS 0x0000000713400000| PB 0x0000000713400000| Untracked 
| 121|0x0000000713600000, 0x0000000713751f70, 0x0000000713800000| 66%| E|  |TAMS 0x0000000713600000| PB 0x0000000713600000| Complete 
| 122|0x0000000713800000, 0x0000000713a00000, 0x0000000713a00000|100%| E|CS|TAMS 0x0000000713800000| PB 0x0000000713800000| Complete 
| 123|0x0000000713a00000, 0x0000000713c00000, 0x0000000713c00000|100%| E|  |TAMS 0x0000000713a00000| PB 0x0000000713a00000| Complete 
| 124|0x0000000713c00000, 0x0000000713e00000, 0x0000000713e00000|100%| E|CS|TAMS 0x0000000713c00000| PB 0x0000000713c00000| Complete 
| 125|0x0000000713e00000, 0x0000000714000000, 0x0000000714000000|100%| E|CS|TAMS 0x0000000713e00000| PB 0x0000000713e00000| Complete 

Card table byte_map: [0x0000022728ca0000,0x0000022729480000] _byte_map_base: 0x000002272547e000

Marking Bits: (CMBitMap*) 0x000002271cae8cd0
 Bits: [0x0000022729480000, 0x000002272d370000)

Polling page: 0x000002271a610000

Metaspace:

Usage:
  Non-class:      1.94 MB used.
      Class:    236.95 KB used.
       Both:      2.17 MB used.

Virtual space:
  Non-class space:       64.00 MB reserved,       2.00 MB (  3%) committed,  1 nodes.
      Class space:        1.00 GB reserved,     320.00 KB ( <1%) committed,  1 nodes.
             Both:        1.06 GB reserved,       2.31 MB ( <1%) committed. 

Chunk freelists:
   Non-Class:  11.94 MB
       Class:  15.72 MB
        Both:  27.67 MB

MaxMetaspaceSize: unlimited
CompressedClassSpaceSize: 1.00 GB
Initial GC threshold: 21.00 MB
Current GC threshold: 21.00 MB
CDS: on
 - commit_granule_bytes: 65536.
 - commit_granule_words: 8192.
 - virtual_space_node_default_size: 8388608.
 - enlarge_chunks_in_place: 1.
 - use_allocation_guard: 0.


Internal statistics:

num_allocs_failed_limit: 0.
num_arena_births: 44.
num_arena_deaths: 0.
num_vsnodes_births: 2.
num_vsnodes_deaths: 0.
num_space_committed: 37.
num_space_uncommitted: 0.
num_chunks_returned_to_freelist: 0.
num_chunks_taken_from_freelist: 49.
num_chunk_merges: 0.
num_chunk_splits: 33.
num_chunks_enlarged: 20.
num_inconsistent_stats: 0.

CodeCache: size=49152Kb used=3547Kb max_used=3547Kb free=45605Kb
 bounds [0x0000022725190000, 0x0000022725560000, 0x0000022728190000]
 total_blobs=959, nmethods=522, adapters=359, full_count=0
Compilation: enabled, stopped_count=0, restarted_count=0

Compilation events (20 events):
Event: 1.379 Thread 0x000002272fabe020  509       1       java.lang.StringBuilder::<init> (6 bytes)
Event: 1.379 Thread 0x000002272fabe020 nmethod 509 0x0000022725435090 code [0x0000022725435240, 0x0000022725435320]
Event: 1.379 Thread 0x000002273042e9b0 nmethod 507 0x0000022725434810 code [0x0000022725434a20, 0x0000022725434df8]
Event: 1.379 Thread 0x000002272fa84f20 nmethod 508 0x0000022725434110 code [0x00000227254342c0, 0x00000227254346c8]
Event: 1.380 Thread 0x000002273042e9b0  510       1       java.lang.invoke.LambdaForm::parameter (38 bytes)
Event: 1.380 Thread 0x000002273042e9b0 nmethod 510 0x0000022725433790 code [0x0000022725433920, 0x0000022725433a18]
Event: 1.380 Thread 0x000002273009c780  513       1       jdk.internal.org.objectweb.asm.ByteVector::put122 (93 bytes)
Event: 1.380 Thread 0x000002273042e9b0  514       1       java.lang.invoke.LambdaForm$BasicType::basicTypeClass (5 bytes)
Event: 1.380 Thread 0x000002273042e9b0 nmethod 514 0x0000022725433490 code [0x0000022725433620, 0x00000227254336f0]
Event: 1.380 Thread 0x000002273009c780 nmethod 513 0x0000022725433010 code [0x00000227254331c0, 0x0000022725433380]
Event: 1.380 Thread 0x000002272fabe020  515       1       sun.invoke.util.VerifyAccess::isClassAccessible (230 bytes)
Event: 1.380 Thread 0x000002272fa84f20  519       1       java.lang.invoke.MethodType::insertParameterTypes (121 bytes)
Event: 1.380 Thread 0x000002273009c780  520       1       java.lang.invoke.LambdaForm::parameterType (9 bytes)
Event: 1.380 Thread 0x000002273009c780 nmethod 520 0x0000022725432390 code [0x0000022725432540, 0x0000022725432630]
Event: 1.380 Thread 0x000002273042e9b0  521       1       java.lang.Long::<init> (10 bytes)
Event: 1.381 Thread 0x000002273042e9b0 nmethod 521 0x0000022725432090 code [0x0000022725432220, 0x00000227254322e8]
Event: 1.381 Thread 0x000002273009c780  523       1       java.lang.invoke.LambdaForm$Name::<init> (66 bytes)
Event: 1.381 Thread 0x000002273009c780 nmethod 523 0x0000022725431910 code [0x0000022725431ac0, 0x0000022725431ce8]
Event: 1.381 Thread 0x000002273042e9b0  524       1       java.lang.invoke.LambdaForm$NamedFunction::methodType (28 bytes)
Event: 2.395 Thread 0x000002272fa84f20 nmethod 519 0x0000022725430810 code [0x0000022725430a80, 0x0000022725431268]

GC Heap History (0 events):
No events

Dll operation events (10 events):
Event: 0.097 Loaded shared library C:\Users\Sai Krishna\Downloads\java\jdk-21.0.10+7\bin\java.dll
Event: 0.154 Loaded shared library C:\Users\Sai Krishna\Downloads\java\jdk-21.0.10+7\bin\zip.dll
Event: 0.156 Loaded shared library C:\Users\Sai Krishna\Downloads\java\jdk-21.0.10+7\bin\instrument.dll
Event: 0.161 Loaded shared library C:\Users\Sai Krishna\Downloads\java\jdk-21.0.10+7\bin\net.dll
Event: 0.163 Loaded shared library C:\Users\Sai Krishna\Downloads\java\jdk-21.0.10+7\bin\nio.dll
Event: 0.165 Loaded shared library C:\Users\Sai Krishna\Downloads\java\jdk-21.0.10+7\bin\zip.dll
Event: 0.206 Loaded shared library C:\Users\Sai Krishna\Downloads\java\jdk-21.0.10+7\bin\jimage.dll
Event: 0.207 Loaded shared library C:\Users\Sai Krishna\Downloads\java\jdk-21.0.10+7\bin\extnet.dll
Event: 0.223 Loaded shared library C:\Users\Sai Krishna\Downloads\java\jdk-21.0.10+7\bin\management.dll
Event: 1.359 Loaded shared library C:\Users\Sai Krishna\Downloads\java\jdk-21.0.10+7\bin\management_ext.dll

Deoptimization events (0 events):
No events

Classes loaded (20 events):
Event: 1.377 Loading class java/lang/reflect/ParameterizedType done
Event: 1.377 Loading class sun/reflect/generics/reflectiveObjects/ParameterizedTypeImpl done
Event: 1.377 Loading class sun/reflect/generics/scope/ClassScope
Event: 1.377 Loading class sun/reflect/generics/scope/ClassScope done
Event: 1.377 Loading class sun/reflect/generics/repository/ClassRepository
Event: 1.377 Loading class sun/reflect/generics/repository/ClassRepository done
Event: 1.377 Loading class sun/reflect/generics/tree/ClassSignature
Event: 1.377 Loading class sun/reflect/generics/tree/ClassSignature done
Event: 1.377 Loading class sun/util/resources/TimeZoneNames
Event: 1.377 Loading class sun/reflect/generics/tree/TypeVariableSignature
Event: 1.377 Loading class sun/reflect/generics/tree/TypeVariableSignature done
Event: 1.377 Loading class sun/reflect/generics/reflectiveObjects/TypeVariableImpl
Event: 1.377 Loading class sun/reflect/generics/reflectiveObjects/LazyReflectiveObjectGenerator
Event: 1.377 Loading class sun/reflect/generics/reflectiveObjects/LazyReflectiveObjectGenerator done
Event: 1.377 Loading class sun/reflect/generics/reflectiveObjects/TypeVariableImpl done
Event: 1.377 Loading class java/lang/reflect/GenericArrayType
Event: 1.377 Loading class java/lang/reflect/GenericArrayType done
Event: 1.377 Loading class sun/util/resources/TimeZoneNames done
Event: 1.378 Loading class sun/util/resources/TimeZoneNames_en
Event: 1.378 Loading class sun/util/resources/TimeZoneNames_en done

Classes unloaded (0 events):
No events

Classes redefined (0 events):
No events

Internal exceptions (6 events):
Event: 0.194 Thread 0x000002271a659220 Exception <a 'java/lang/NoSuchMethodError'{0x00000007138280b0}: 'void java.lang.invoke.DirectMethodHandle$Holder.invokeStatic(java.lang.Object, java.lang.Object, java.lang.Object)'> (0x00000007138280b0) 
thrown [s\src\hotspot\share\interpreter\linkResolver.cpp, line 773]
Event: 0.198 Thread 0x000002271a659220 Exception <a 'java/lang/NoSuchMethodError'{0x000000071383fbc8}: 'java.lang.Object java.lang.invoke.Invokers$Holder.invokeExact_MT(java.lang.Object, java.lang.Object, java.lang.Object, java.lang.Object, java.lang.Object)'> (0x000000071383fbc8) 
thrown [s\src\hotspot\share\interpreter\linkResolver.cpp, line 773]
Event: 0.209 Thread 0x00000227303fd570 Exception <a 'java/lang/NoSuchMethodError'{0x0000000713894570}: 'void java.lang.invoke.DirectMethodHandle$Holder.invokeStatic(java.lang.Object, java.lang.Object)'> (0x0000000713894570) 
thrown [s\src\hotspot\share\interpreter\linkResolver.cpp, line 773]
Event: 1.366 Thread 0x000002271a659220 Exception <a 'java/lang/NoSuchMethodError'{0x0000000713884888}: 'int java.lang.invoke.DirectMethodHandle$Holder.invokeInterface(java.lang.Object, java.lang.Object)'> (0x0000000713884888) 
thrown [s\src\hotspot\share\interpreter\linkResolver.cpp, line 773]
Event: 1.367 Thread 0x000002271a659220 Exception <a 'java/lang/IncompatibleClassChangeError'{0x0000000713887bc0}: Found class java.lang.Object, but interface was expected> (0x0000000713887bc0) 
thrown [s\src\hotspot\share\interpreter\linkResolver.cpp, line 840]
Event: 1.379 Thread 0x000002272fab7e30 Exception <a 'java/lang/NoSuchMethodError'{0x00000007136899e8}: 'java.lang.Object java.lang.invoke.Invokers$Holder.invokeExact_MT(java.lang.Object, java.lang.Object, java.lang.Object, java.lang.Object, java.lang.Object, java.lang.Object)'> (0x00000007136899e8) 
thrown [s\src\hotspot\share\interpreter\linkResolver.cpp, line 773]

ZGC Phase Switch (0 events):
No events

VM Operations (5 events):
Event: 1.117 Executing safepoint VM operation: Cleanup
Event: 1.352 Executing safepoint VM operation: Cleanup done
Event: 1.369 Executing non-safepoint VM operation: HandshakeAllThreads (Deoptimize)
Event: 1.369 Executing non-safepoint VM operation: HandshakeAllThreads (Deoptimize) done
Event: 2.379 Executing safepoint VM operation: Cleanup

Memory protections (0 events):
No events

Nmethod flushes (0 events):
No events

Events (16 events):
Event: 0.107 Thread 0x000002271a659220 Thread added: 0x000002271a659220
Event: 0.116 Thread 0x000002271a659220 Thread added: 0x000002272fab3360
Event: 0.116 Thread 0x000002271a659220 Thread added: 0x000002272fab3dc0
Event: 0.116 Thread 0x000002271a659220 Thread added: 0x000002272fab6c30
Event: 0.116 Thread 0x000002271a659220 Thread added: 0x000002272fab7e30
Event: 0.116 Thread 0x000002271a659220 Thread added: 0x000002272fab8ea0
Event: 0.116 Thread 0x000002271a659220 Thread added: 0x000002272faba1d0
Event: 0.116 Thread 0x000002271a659220 Thread added: 0x000002272fabe020
Event: 0.145 Thread 0x000002272fabe020 Thread added: 0x000002272fa84f20
Event: 0.145 Thread 0x000002272fabe020 Thread added: 0x000002273009c780
Event: 0.145 Thread 0x000002272fa84f20 Thread added: 0x000002273012f370
Event: 0.159 Thread 0x000002271a659220 Thread added: 0x000002273018c9b0
Event: 0.200 Thread 0x000002271a659220 Thread added: 0x00000227303fd570
Event: 0.200 Thread 0x000002271a659220 Thread added: 0x00000227303fdbe0
Event: 1.355 Thread 0x000002273012f370 Thread exited: 0x000002273012f370
Event: 1.356 Thread 0x000002273009c780 Thread added: 0x000002273042e9b0


Dynamic libraries:
0x00007ff7d44a0000 - 0x00007ff7d44ae000 	C:\Users\Sai Krishna\Downloads\java\jdk-21.0.10+7\bin\java.exe
0x00007ffc25540000 - 0x00007ffc257a7000 	C:\Windows\SYSTEM32\ntdll.dll
0x00007ffc24a70000 - 0x00007ffc24b39000 	C:\Windows\System32\KERNEL32.DLL
0x00007ffc22b90000 - 0x00007ffc22f81000 	C:\Windows\System32\KERNELBASE.dll
0x00007ffc22f90000 - 0x00007ffc230db000 	C:\Windows\System32\ucrtbase.dll
0x00007ffc14470000 - 0x00007ffc1448e000 	C:\Users\Sai Krishna\Downloads\java\jdk-21.0.10+7\bin\VCRUNTIME140.dll
0x00007ffc12b00000 - 0x00007ffc12b18000 	C:\Users\Sai Krishna\Downloads\java\jdk-21.0.10+7\bin\jli.dll
0x00007ffc23d20000 - 0x00007ffc23ee5000 	C:\Windows\System32\USER32.dll
0x00007ffc22050000 - 0x00007ffc22077000 	C:\Windows\System32\win32u.dll
0x00007ffc23fa0000 - 0x00007ffc23fcb000 	C:\Windows\System32\GDI32.dll
0x00007ffc22140000 - 0x00007ffc2226a000 	C:\Windows\System32\gdi32full.dll
0x00007ffc21e20000 - 0x00007ffc21ec3000 	C:\Windows\System32\msvcp_win.dll
0x00007ffc10050000 - 0x00007ffc102e3000 	C:\Windows\WinSxS\amd64_microsoft.windows.common-controls_6595b64144ccf1df_6.0.26100.7922_none_3e089e1ee3342171\COMCTL32.dll
0x00007ffc23ef0000 - 0x00007ffc23f99000 	C:\Windows\System32\msvcrt.dll
0x00007ffc25450000 - 0x00007ffc25481000 	C:\Windows\System32\IMM32.DLL
0x00007ffc149c0000 - 0x00007ffc149cc000 	C:\Users\Sai Krishna\Downloads\java\jdk-21.0.10+7\bin\vcruntime140_1.dll
0x00007ffc12a70000 - 0x00007ffc12afd000 	C:\Users\Sai Krishna\Downloads\java\jdk-21.0.10+7\bin\msvcp140.dll
0x00007ffb21d80000 - 0x00007ffb22b21000 	C:\Users\Sai Krishna\Downloads\java\jdk-21.0.10+7\bin\server\jvm.dll
0x00007ffc249b0000 - 0x00007ffc24a6b000 	C:\Windows\System32\ADVAPI32.dll
0x00007ffc24360000 - 0x00007ffc24407000 	C:\Windows\System32\sechost.dll
0x00007ffc24890000 - 0x00007ffc249a8000 	C:\Windows\System32\RPCRT4.dll
0x00007ffc239e0000 - 0x00007ffc23a54000 	C:\Windows\System32\WS2_32.dll
0x00007ffc1ede0000 - 0x00007ffc1ee15000 	C:\Windows\SYSTEM32\WINMM.dll
0x00007ffc1a8e0000 - 0x00007ffc1a8eb000 	C:\Windows\SYSTEM32\VERSION.dll
0x00007ffc209e0000 - 0x00007ffc20a3e000 	C:\Windows\SYSTEM32\POWRPROF.dll
0x00007ffc209c0000 - 0x00007ffc209d4000 	C:\Windows\SYSTEM32\UMPDC.dll
0x00007ffc20ca0000 - 0x00007ffc20cbb000 	C:\Windows\SYSTEM32\kernel.appcore.dll
0x00007ffc12a60000 - 0x00007ffc12a6a000 	C:\Users\Sai Krishna\Downloads\java\jdk-21.0.10+7\bin\jimage.dll
0x00007ffc1fc00000 - 0x00007ffc1fe42000 	C:\Windows\SYSTEM32\DBGHELP.DLL
0x00007ffc23fd0000 - 0x00007ffc24352000 	C:\Windows\System32\combase.dll
0x00007ffc244a0000 - 0x00007ffc24577000 	C:\Windows\System32\OLEAUT32.dll
0x00007ffc144a0000 - 0x00007ffc144db000 	C:\Windows\SYSTEM32\dbgcore.DLL
0x00007ffc22ae0000 - 0x00007ffc22b85000 	C:\Windows\System32\bcryptPrimitives.dll
0x00007ffc12a50000 - 0x00007ffc12a5f000 	C:\Users\Sai Krishna\Downloads\java\jdk-21.0.10+7\bin\instrument.dll
0x00007ffc12a10000 - 0x00007ffc12a30000 	C:\Users\Sai Krishna\Downloads\java\jdk-21.0.10+7\bin\java.dll
0x00007ffc24b90000 - 0x00007ffc252ef000 	C:\Windows\System32\SHELL32.dll
0x00007ffc23170000 - 0x00007ffc232da000 	C:\Windows\System32\wintypes.dll
0x00007ffc22270000 - 0x00007ffc22ad4000 	C:\Windows\System32\windows.storage.dll
0x00007ffc24580000 - 0x00007ffc24677000 	C:\Windows\System32\SHCORE.dll
0x00007ffc25490000 - 0x00007ffc254f7000 	C:\Windows\System32\shlwapi.dll
0x00007ffc21d40000 - 0x00007ffc21d69000 	C:\Windows\SYSTEM32\profapi.dll
0x00007ffc128f0000 - 0x00007ffc12908000 	C:\Users\Sai Krishna\Downloads\java\jdk-21.0.10+7\bin\zip.dll
0x00007ffc12a40000 - 0x00007ffc12a50000 	C:\Users\Sai Krishna\Downloads\java\jdk-21.0.10+7\bin\net.dll
0x00007ffc19990000 - 0x00007ffc19ab7000 	C:\Windows\SYSTEM32\WINHTTP.dll
0x00007ffc211f0000 - 0x00007ffc2125b000 	C:\Windows\system32\mswsock.dll
0x00007ffc12910000 - 0x00007ffc12926000 	C:\Users\Sai Krishna\Downloads\java\jdk-21.0.10+7\bin\nio.dll
0x00007ffc128e0000 - 0x00007ffc128e9000 	C:\Users\Sai Krishna\Downloads\java\jdk-21.0.10+7\bin\extnet.dll
0x00007ffc20610000 - 0x00007ffc2073a000 	C:\Windows\SYSTEM32\DNSAPI.dll
0x00007ffc205d0000 - 0x00007ffc20603000 	C:\Windows\SYSTEM32\IPHLPAPI.DLL
0x00007ffc24b70000 - 0x00007ffc24b7a000 	C:\Windows\System32\NSI.dll
0x00007ffc1aa50000 - 0x00007ffc1aa5b000 	C:\Windows\System32\rasadhlp.dll
0x00007ffc18750000 - 0x00007ffc187d6000 	C:\Windows\System32\fwpuclnt.dll
0x00007ffc128d0000 - 0x00007ffc128da000 	C:\Users\Sai Krishna\Downloads\java\jdk-21.0.10+7\bin\management.dll
0x00007ffc128c0000 - 0x00007ffc128cc000 	C:\Users\Sai Krishna\Downloads\java\jdk-21.0.10+7\bin\management_ext.dll
0x00007ffc24490000 - 0x00007ffc24498000 	C:\Windows\System32\PSAPI.DLL

JVMTI agents:
C:\Program Files\JetBrains\IntelliJ IDEA 2025.3.3\lib\idea_rt.jar path:C:\Users\Sai Krishna\Downloads\java\jdk-21.0.10+7\bin\instrument.dll, loaded, initialized, instrumentlib options:56805

dbghelp: loaded successfully - version: 4.0.5 - missing functions: none
symbol engine: initialized successfully - sym options: 0x614 - pdb path: .;C:\Users\Sai Krishna\Downloads\java\jdk-21.0.10+7\bin;C:\Windows\SYSTEM32;C:\Windows\WinSxS\amd64_microsoft.windows.common-controls_6595b64144ccf1df_6.0.26100.7922_none_3e089e1ee3342171;C:\Users\Sai Krishna\Downloads\java\jdk-21.0.10+7\bin\server

VM Arguments:
jvm_args: -XX:TieredStopAtLevel=1 -Dspring.output.ansi.enabled=always -Dcom.sun.management.jmxremote -Dspring.jmx.enabled=true -Dspring.liveBeansView.mbeanDomain -Dspring.application.admin.enabled=true -Dmanagement.endpoints.jmx.exposure.include=* -javaagent:C:\Program Files\JetBrains\IntelliJ IDEA 2025.3.3\lib\idea_rt.jar=56805 -Dfile.encoding=UTF-8 -Dsun.stdout.encoding=UTF-8 -Dsun.stderr.encoding=UTF-8 
java_command: com.saikrishna.backenddemo.BackenddemoApplication
java_class_path (initial): C:\Users\Sai Krishna\IdeaProjects\backenddemo\target\classes;C:\Users\Sai Krishna\.m2\repository\org\springframework\boot\spring-boot-starter-webmvc\4.0.3\spring-boot-starter-webmvc-4.0.3.jar;C:\Users\Sai Krishna\.m2\repository\org\springframework\boot\spring-boot-starter\4.0.3\spring-boot-starter-4.0.3.jar;C:\Users\Sai Krishna\.m2\repository\org\springframework\boot\spring-boot-starter-logging\4.0.3\spring-boot-starter-logging-4.0.3.jar;C:\Users\Sai Krishna\.m2\repository\ch\qos\logback\logback-classic\1.5.32\logback-classic-1.5.32.jar;C:\Users\Sai Krishna\.m2\repository\ch\qos\logback\logback-core\1.5.32\logback-core-1.5.32.jar;C:\Users\Sai Krishna\.m2\repository\org\apache\logging\log4j\log4j-to-slf4j\2.25.3\log4j-to-slf4j-2.25.3.jar;C:\Users\Sai Krishna\.m2\repository\org\apache\logging\log4j\log4j-api\2.25.3\log4j-api-2.25.3.jar;C:\Users\Sai Krishna\.m2\repository\org\slf4j\jul-to-slf4j\2.0.17\jul-to-slf4j-2.0.17.jar;C:\Users\Sai Krishna\.m2\repository\jakarta\annotation\jakarta.annotation-api\3.0.0\jakarta.annotation-api-3.0.0.jar;C:\Users\Sai Krishna\.m2\repository\org\yaml\snakeyaml\2.5\snakeyaml-2.5.jar;C:\Users\Sai Krishna\.m2\repository\org\springframework\boot\spring-boot-starter-jackson\4.0.3\spring-boot-starter-jackson-4.0.3.jar;C:\Users\Sai Krishna\.m2\repository\org\springframework\boot\spring-boot-jackson\4.0.3\spring-boot-jackson-4.0.3.jar;C:\Users\Sai Krishna\.m2\repository\tools\jackson\core\jackson-databind\3.0.4\jackson-databind-3.0.4.jar;C:\Users\Sai Krishna\.m2\repository\com\fasterxml\jackson\core\jackson-annotations\2.20\jackson-annotations-2.20.jar;C:\Users\Sai Krishna\.m2\repository\tools\jackson\core\jackson-core\3.0.4\jackson-core-3.0.4.jar;C:\Users\Sai Krishna\.m2\repository\org\springframework\boot\spring-boot-starter-tomcat\4.0.3\spring-boot-starter-tomcat-4.0.3.jar;C:\Users\Sai Krishna\.m2\repository\org\springframework\boot\spring-boot-starter-tomcat-runtime\4.0.3\spring-boot-starter-tomcat-runtime-4.0.3.jar;C:\Users\Sai Krishna\.m2\repository\org\apache\tomcat\embed\tomcat-embed-core\11.0.18\tomcat-embed-core-11.0.18.jar;C:\Users\Sai Krishna\.m2\repository\org\apache\tomcat\embed\tomcat-embed-el\11.0.18\tomcat-embed-el-11.0.18.jar;C:\Users\Sai Krishna\.m2\repository\org\apache\tomcat\embed\tomcat-embed-websocket\11.0.18\tomcat-embed-websocket-11.0.18.jar;C:\Users\Sai Krishna\.m2\repository\org\springframework\boot\spring-boot-tomcat\4.0.3\spring-boot-tomcat-4.0.3.jar;C:\Users\Sai Krishna\.m2\repository\org\springframework\boot\spring-boot-http-converter\4.0.3\spring-boot-http-converter-4.0.3.jar;C:\Users\Sai Krishna\.m2\repository\org\springframework\spring-web\7.0.5\spring-web-7.0.5.jar;C:\Users\Sai Krishna\.m2\repository\org\springframework\spring-beans\7.0.5\spring-beans-7.0.5.jar;C:\Users\Sai Krishna\.m2\repository\io\micrometer\micrometer-observation\1.16.3\micrometer-observation-1.16.3.jar;C:\Users\Sai Krishna\.m2\repository\io\micrometer\micrometer-commons\1.16.3\micrometer-commons-1.16.3.jar;C:\Users\Sai Krishna\.m2\repository\org\springframework\boot\spring-boot-webmvc\4.0.3\spring-boot-webmvc-4.0.3.jar;C:\Users\Sai Krishna\.m2\repository\org\springframework\boot\spring-boot-servlet\4.0.3\spring-boot-servlet-4.0.3.jar;C:\Users\Sai Krishna\.m2\repository\org\springframework\spring-webmvc\7.0.5\spring-webmvc-7.0.5.jar;C:\Users\Sai Krishna\.m2\repository\org\springframework\spring-aop\7.0.5\spring-aop-7.0.5.jar;C:\Users\Sai Krishna\.m2\repository\org\springframework\spring-expression\7.0.5\spring-expression-7.0.5.jar;C:\Users\Sai Krishna\.m2\repository\org\springframework\boot\spring-boot-devtools\4.0.3\spring-boot-devtools-4.0.3.jar;C:\Users\Sai Krishna\.m2\repository\org\springframework\boot\spring-boot\4.0.3\spring-boot-4.0.3.jar;C:\Users\Sai Krishna\.m2\repository\org\springframework\spring-core\7.0.5\spring-core-7.0.5.jar;C:\Users\Sai Krishna\.m2\repository\commons-logging\commons-logging\1.3.5\commons-logging-1.3.5.jar;C:\Users\Sai Krishna\.m2\repository\org\jspecify\jspecify\1.0.0\jspecify-1.0.0.jar;C:\Users\Sai Krishna\.m2\repository\org\springframework\spring-context\7.0.5\spring-context-7.0.5.jar;C:\Users\Sai Krishna\.m2\repository\org\springframework\boot\spring-boot-autoconfigure\4.0.3\spring-boot-autoconfigure-4.0.3.jar;C:\Users\Sai Krishna\.m2\repository\org\slf4j\slf4j-api\2.0.17\slf4j-api-2.0.17.jar;C:\Users\Sai Krishna\.m2\repository\org\springframework\boot\spring-boot-web-server\4.0.3\spring-boot-web-server-4.0.3.jar
Launcher Type: SUN_STANDARD

[Global flags]
     intx CICompilerCount                          = 4                                         {product} {ergonomic}
     uint ConcGCThreads                            = 3                                         {product} {ergonomic}
     uint G1ConcRefinementThreads                  = 10                                        {product} {ergonomic}
   size_t G1HeapRegionSize                         = 2097152                                   {product} {ergonomic}
    uintx GCDrainStackTargetSize                   = 64                                        {product} {ergonomic}
   size_t InitialHeapSize                          = 264241152                                 {product} {ergonomic}
     bool ManagementServer                         = true                                      {product} {command line}
   size_t MarkStackSize                            = 4194304                                   {product} {ergonomic}
   size_t MaxHeapSize                              = 4223664128                                {product} {ergonomic}
   size_t MaxNewSize                               = 2533359616                                {product} {ergonomic}
   size_t MinHeapDeltaBytes                        = 2097152                                   {product} {ergonomic}
   size_t MinHeapSize                              = 8388608                                   {product} {ergonomic}
    uintx NonNMethodCodeHeapSize                   = 4096                                   {pd product} {ergonomic}
    uintx NonProfiledCodeHeapSize                  = 0                                      {pd product} {ergonomic}
     bool ProfileInterpreter                       = false                                  {pd product} {command line}
    uintx ProfiledCodeHeapSize                     = 0                                      {pd product} {ergonomic}
   size_t SoftMaxHeapSize                          = 4223664128                             {manageable} {ergonomic}
     intx TieredStopAtLevel                        = 1                                         {product} {command line}
     bool UseCompressedOops                        = true                           {product lp64_product} {ergonomic}
     bool UseG1GC                                  = true                                      {product} {ergonomic}
     bool UseLargePagesIndividualAllocation        = false                                  {pd product} {ergonomic}

Logging:
Log output configuration:
 #0: stdout all=warning uptime,level,tags foldmultilines=false
 #1: stderr all=off uptime,level,tags foldmultilines=false

Release file:
<release file has not been read>
Environment Variables:
PATH=C:\oraclexe\app\oracle\product\10.2.0\server\bin;C:\Windows\system32;C:\Windows;C:\Windows\System32\Wbem;C:\Windows\System32\WindowsPowerShell\v1.0\;C:\Windows\System32\OpenSSH\;C:\Program Files\Git\cmd;C:\MinGW\bin;C:\Program Files\nodejs\;C:\Program Files\NVIDIA Corporation\NVIDIA App\NvDLISR;C:\Program Files (x86)\NVIDIA Corporation\PhysX\Common;C:\Users\Sai Krishna\AppData\Local\Programs\Python\Python313\Scripts\;C:\Users\Sai Krishna\AppData\Local\Programs\Python\Python313\;C:\Users\Sai Krishna\AppData\Local\Programs\Python\Launcher\;C:\Users\Sai Krishna\AppData\Local\Microsoft\WindowsApps;C:\Users\Sai Krishna\AppData\Local\Programs\Microsoft VS Code\bin;C:\ProgramData\Sai Krishna\GitHubDesktop\bin;C:\Users\Sai Krishna\AppData\Local\GitHubDesktop\bin;C:\mingw64\bin;C:\Users\Sai Krishna\AppData\Local\PowerToys\DSCModules\;C:\Users\Sai Krishna\AppData\Local\Programs\Antigravity\bin;C:\Users\Sai Krishna\AppData\Roaming\npm;C:\Program Files\JetBrains\IntelliJ IDEA 2025.3.3\bin
USERNAME=Sai Krishna
OS=Windows_NT
PROCESSOR_IDENTIFIER=Intel64 Family 6 Model 151 Stepping 2, GenuineIntel
TMP=C:\Users\SAIKRI~1\AppData\Local\Temp
TEMP=C:\Users\SAIKRI~1\AppData\Local\Temp




Periodic native trim disabled

---------------  S Y S T E M  ---------------

OS:
 Windows 11 , 64 bit Build 26100 (10.0.26100.7920)
OS uptime: 0 days 9:51 hours
Hyper-V role detected

CPU: total 12 (initial active 12) (6 cores per cpu, 2 threads per core) family 6 model 151 stepping 2 microcode 0x3a, cx8, cmov, fxsr, ht, mmx, 3dnowpref, sse, sse2, sse3, ssse3, sse4.1, sse4.2, popcnt, lzcnt, tsc, tscinvbit, avx, avx2, aes, erms, clmul, bmi1, bmi2, adx, sha, fma, vzeroupper, clflush, clflushopt, clwb, hv, serialize, rdtscp, rdpid, fsrm, f16c, cet_ibt, cet_ss
Processor Information for processor 0
  Max Mhz: 2400, Current Mhz: 2400, Mhz Limit: 2400
Processor Information for processor 1
  Max Mhz: 2400, Current Mhz: 2400, Mhz Limit: 2400
Processor Information for processor 2
  Max Mhz: 2400, Current Mhz: 1520, Mhz Limit: 2400
Processor Information for processor 3
  Max Mhz: 2400, Current Mhz: 2400, Mhz Limit: 2400
Processor Information for processor 4
  Max Mhz: 2400, Current Mhz: 2400, Mhz Limit: 2400
Processor Information for processor 5
  Max Mhz: 2400, Current Mhz: 2400, Mhz Limit: 2400
Processor Information for processor 6
  Max Mhz: 2400, Current Mhz: 2400, Mhz Limit: 2400
Processor Information for processor 7
  Max Mhz: 2400, Current Mhz: 2400, Mhz Limit: 2400
Processor Information for processor 8
  Max Mhz: 2400, Current Mhz: 1800, Mhz Limit: 1800
Processor Information for processor 9
  Max Mhz: 2400, Current Mhz: 1800, Mhz Limit: 1800
Processor Information for processor 10
  Max Mhz: 2400, Current Mhz: 1800, Mhz Limit: 1800
Processor Information for processor 11
  Max Mhz: 2400, Current Mhz: 1800, Mhz Limit: 1800

Memory: 4k page, system-wide physical 16107M (4806M free)
TotalPageFile size 16107M (AvailPageFile size 3M)
current process WorkingSet (physical memory assigned to process): 48M, peak: 48M
current process commit charge ("private bytes"): 341M, peak: 342M

vm_info: OpenJDK 64-Bit Server VM (21.0.10+7-LTS) for windows-amd64 JRE (21.0.10+7-LTS), built on 2026-01-20T00:00:00Z by "admin" with MS VC++ 17.12 (VS2022)

END.
